Flow report for edge_detector
Wed Aug 23 13:17:34 2023
Quartus Prime Version 22.1std.1 Build 917 02/14/2023 SC Lite Edition


---------------------
; Table of Contents ;
---------------------
  1. Legal Notice
  2. Flow Summary
  3. Flow Settings
  4. Flow Non-Default Global Settings
  5. Flow Elapsed Time
  6. Flow OS Summary
  7. Flow Log
  8. Flow Messages
  9. Flow Suppressed Messages



----------------
; Legal Notice ;
----------------
Copyright (C) 2023  Intel Corporation. All rights reserved.
Your use of Intel Corporation's design tools, logic functions 
and other software and tools, and any partner logic 
functions, and any output files from any of the foregoing 
(including device programming or simulation files), and any 
associated documentation or information are expressly subject 
to the terms and conditions of the Intel Program License 
Subscription Agreement, the Intel Quartus Prime License Agreement,
the Intel FPGA IP License Agreement, or other applicable license
agreement, including, without limitation, that your use is for
the sole purpose of programming logic devices manufactured by
Intel and sold by Intel or its authorized distributors.  Please
refer to the applicable agreement for further details, at
https://fpgasoftware.intel.com/eula.



+-------------------------------------------------------------------------------------+
; Flow Summary                                                                        ;
+------------------------------------+------------------------------------------------+
; Flow Status                        ; Successful - Wed Aug 23 13:17:34 2023          ;
; Quartus Prime Version              ; 22.1std.1 Build 917 02/14/2023 SC Lite Edition ;
; Revision Name                      ; edge_detector                                  ;
; Top-level Entity Name              ; edge_detector                                  ;
; Family                             ; Cyclone IV E                                   ;
; Device                             ; EP4CE6E22C8                                    ;
; Timing Models                      ; Final                                          ;
; Total logic elements               ; 48 / 6,272 ( < 1 % )                           ;
;     Total combinational functions  ; 47 / 6,272 ( < 1 % )                           ;
;     Dedicated logic registers      ; 35 / 6,272 ( < 1 % )                           ;
; Total registers                    ; 35                                             ;
; Total pins                         ; 4 / 92 ( 4 % )                                 ;
; Total virtual pins                 ; 0                                              ;
; Total memory bits                  ; 0 / 276,480 ( 0 % )                            ;
; Embedded Multiplier 9-bit elements ; 0 / 30 ( 0 % )                                 ;
; Total PLLs                         ; 0 / 2 ( 0 % )                                  ;
+------------------------------------+------------------------------------------------+


+-----------------------------------------+
; Flow Settings                           ;
+-------------------+---------------------+
; Option            ; Setting             ;
+-------------------+---------------------+
; Start date & time ; 08/23/2023 13:17:24 ;
; Main task         ; Compilation         ;
; Revision Name     ; edge_detector       ;
+-------------------+---------------------+


+-------------------------------------------------------------------------------------------------------------------------------------------------+
; Flow Non-Default Global Settings                                                                                                                ;
+--------------------------------------+----------------------------------------+---------------+-------------+-----------------------------------+
; Assignment Name                      ; Value                                  ; Default Value ; Entity Name ; Section Id                        ;
+--------------------------------------+----------------------------------------+---------------+-------------+-----------------------------------+
; COMPILER_SIGNATURE_ID                ; 237901788349304.169281824408273        ; --            ; --          ; --                                ;
; EDA_DESIGN_INSTANCE_NAME             ; NA                                     ; --            ; --          ; edge_detector_testbench           ;
; EDA_GENERATE_FUNCTIONAL_NETLIST      ; Off                                    ; --            ; --          ; eda_board_design_timing           ;
; EDA_GENERATE_FUNCTIONAL_NETLIST      ; Off                                    ; --            ; --          ; eda_board_design_boundary_scan    ;
; EDA_GENERATE_FUNCTIONAL_NETLIST      ; Off                                    ; --            ; --          ; eda_board_design_signal_integrity ;
; EDA_GENERATE_FUNCTIONAL_NETLIST      ; Off                                    ; --            ; --          ; eda_board_design_symbol           ;
; EDA_NATIVELINK_SIMULATION_TEST_BENCH ; edge_detector_testbench                ; --            ; --          ; eda_simulation                    ;
; EDA_OUTPUT_DATA_FORMAT               ; Verilog Hdl                            ; --            ; --          ; eda_simulation                    ;
; EDA_SIMULATION_TOOL                  ; Questa Intel FPGA (Verilog)            ; <None>        ; --          ; --                                ;
; EDA_TEST_BENCH_ENABLE_STATUS         ; TEST_BENCH_MODE                        ; --            ; --          ; eda_simulation                    ;
; EDA_TEST_BENCH_FILE                  ; edge_detector_testbench.v              ; --            ; --          ; edge_detector_testbench           ;
; EDA_TEST_BENCH_MODULE_NAME           ; edge_detector_testbench                ; --            ; --          ; edge_detector_testbench           ;
; EDA_TEST_BENCH_NAME                  ; edge_detector_testbench                ; --            ; --          ; eda_simulation                    ;
; EDA_TIME_SCALE                       ; 1 ps                                   ; --            ; --          ; eda_simulation                    ;
; MAX_CORE_JUNCTION_TEMP               ; 85                                     ; --            ; --          ; --                                ;
; MIN_CORE_JUNCTION_TEMP               ; 0                                      ; --            ; --          ; --                                ;
; NOMINAL_CORE_SUPPLY_VOLTAGE          ; 1.2V                                   ; --            ; --          ; --                                ;
; PARTITION_COLOR                      ; -- (Not supported for targeted family) ; --            ; --          ; Top                               ;
; PARTITION_FITTER_PRESERVATION_LEVEL  ; -- (Not supported for targeted family) ; --            ; --          ; Top                               ;
; PARTITION_NETLIST_TYPE               ; -- (Not supported for targeted family) ; --            ; --          ; Top                               ;
; POWER_BOARD_THERMAL_MODEL            ; None (CONSERVATIVE)                    ; --            ; --          ; --                                ;
; POWER_PRESET_COOLING_SOLUTION        ; 23 MM HEAT SINK WITH 200 LFPM AIRFLOW  ; --            ; --          ; --                                ;
; PROJECT_OUTPUT_DIRECTORY             ; output_files                           ; --            ; --          ; --                                ;
+--------------------------------------+----------------------------------------+---------------+-------------+-----------------------------------+


+--------------------------------------------------------------------------------------------------------------------------+
; Flow Elapsed Time                                                                                                        ;
+----------------------+--------------+-------------------------+---------------------+------------------------------------+
; Module Name          ; Elapsed Time ; Average Processors Used ; Peak Virtual Memory ; Total CPU Time (on all processors) ;
+----------------------+--------------+-------------------------+---------------------+------------------------------------+
; Analysis & Synthesis ; 00:00:04     ; 1.0                     ; 537 MB              ; 00:00:11                           ;
; Fitter               ; 00:00:01     ; 1.1                     ; 1986 MB             ; 00:00:03                           ;
; Assembler            ; 00:00:01     ; 1.0                     ; 357 MB              ; 00:00:00                           ;
; Timing Analyzer      ; 00:00:01     ; 1.1                     ; 622 MB              ; 00:00:01                           ;
; EDA Netlist Writer   ; 00:00:00     ; 1.0                     ; 596 MB              ; 00:00:00                           ;
; Total                ; 00:00:07     ; --                      ; --                  ; 00:00:15                           ;
+----------------------+--------------+-------------------------+---------------------+------------------------------------+


+------------------------------------------------------------------------------------------+
; Flow OS Summary                                                                          ;
+----------------------+------------------+---------------+---------------+----------------+
; Module Name          ; Machine Hostname ; OS Name       ; OS Version    ; Processor type ;
+----------------------+------------------+---------------+---------------+----------------+
; Analysis & Synthesis ; ailr16-i9        ; Manjaro Linux ; Manjaro Linux ; x86_64         ;
; Fitter               ; ailr16-i9        ; Manjaro Linux ; Manjaro Linux ; x86_64         ;
; Assembler            ; ailr16-i9        ; Manjaro Linux ; Manjaro Linux ; x86_64         ;
; Timing Analyzer      ; ailr16-i9        ; Manjaro Linux ; Manjaro Linux ; x86_64         ;
; EDA Netlist Writer   ; ailr16-i9        ; Manjaro Linux ; Manjaro Linux ; x86_64         ;
+----------------------+------------------+---------------+---------------+----------------+


------------
; Flow Log ;
------------
quartus_map --read_settings_files=on --write_settings_files=off edge_detector -c edge_detector
quartus_fit --read_settings_files=off --write_settings_files=off edge_detector -c edge_detector
quartus_asm --read_settings_files=off --write_settings_files=off edge_detector -c edge_detector
quartus_sta edge_detector -c edge_detector
quartus_eda --read_settings_files=off --write_settings_files=off edge_detector -c edge_detector



